  boat.cpp
C:\Users\maraz\Desktop\I3DA2\src\wave.h(63,39): warning C4305: 'initializing': truncation from 'double' to 'float'
C:\Users\maraz\Desktop\I3DA2\src\projectile.h(54,24): warning C4305: 'initializing': truncation from 'double' to 'float'
C:\Users\maraz\Desktop\I3DA2\src\defence.h(53,24): warning C4305: 'initializing': truncation from 'double' to 'float'
C:\Users\maraz\Desktop\I3DA2\src\boat.cpp(55,23): warning C4305: 'argument': truncation from 'double' to 'GLfloat'
C:\Users\maraz\Desktop\I3DA2\src\boat.cpp(56,25): warning C4305: 'argument': truncation from 'double' to 'GLfloat'
C:\Users\maraz\Desktop\I3DA2\src\boat.cpp(57,26): warning C4305: 'argument': truncation from 'double' to 'GLfloat'
C:\Users\maraz\Desktop\I3DA2\src\boat.cpp(58,24): warning C4305: 'argument': truncation from 'double' to 'GLfloat'
C:\Users\maraz\Desktop\I3DA2\src\boat.cpp(138,13): warning C4244: 'initializing': conversion from 'double' to 'float', possible loss of data
C:\Users\maraz\Desktop\I3DA2\src\boat.cpp(146,31): warning C4305: 'argument': truncation from 'double' to 'GLfloat'
C:\Users\maraz\Desktop\I3DA2\src\boat.cpp(147,31): warning C4305: 'argument': truncation from 'double' to 'GLfloat'
C:\Users\maraz\Desktop\I3DA2\src\boat.cpp(148,27): warning C4305: 'argument': truncation from 'double' to 'GLfloat'
C:\Users\maraz\Desktop\I3DA2\src\boat.cpp(149,27): warning C4305: 'argument': truncation from 'double' to 'GLfloat'
C:\Users\maraz\Desktop\I3DA2\src\boat.cpp(153,31): warning C4305: 'argument': truncation from 'double' to 'GLfloat'
C:\Users\maraz\Desktop\I3DA2\src\boat.cpp(154,31): warning C4305: 'argument': truncation from 'double' to 'GLfloat'
C:\Users\maraz\Desktop\I3DA2\src\boat.cpp(155,27): warning C4305: 'argument': truncation from 'double' to 'GLfloat'
C:\Users\maraz\Desktop\I3DA2\src\boat.cpp(156,27): warning C4305: 'argument': truncation from 'double' to 'GLfloat'
C:\Users\maraz\Desktop\I3DA2\src\boat.cpp(225,28): warning C4244: '=': conversion from 'int' to 'float', possible loss of data
C:\Users\maraz\Desktop\I3DA2\src\boat.cpp(241,30): warning C4244: '=': conversion from 'int' to 'float', possible loss of data
C:\Users\maraz\Desktop\I3DA2\src\boat.cpp(246,71): warning C4244: 'argument': conversion from 'int' to 'float', possible loss of data
  defence.cpp
C:\Users\maraz\Desktop\I3DA2\src\wave.h(63,39): warning C4305: 'initializing': truncation from 'double' to 'float'
C:\Users\maraz\Desktop\I3DA2\src\defence.h(53,24): warning C4305: 'initializing': truncation from 'double' to 'float'
C:\Users\maraz\Desktop\I3DA2\src\defence.cpp(64,22): warning C4244: '=': conversion from 'double' to 'float', possible loss of data
  functions.cpp
C:\Users\maraz\Desktop\I3DA2\src\functions.cpp(5,24): warning C4244: 'return': conversion from 'double' to 'float', possible loss of data
C:\Users\maraz\Desktop\I3DA2\src\functions.cpp(10,23): warning C4244: 'return': conversion from 'double' to 'float', possible loss of data
  island.cpp
C:\Users\maraz\Desktop\I3DA2\src\wave.h(63,39): warning C4305: 'initializing': truncation from 'double' to 'float'
C:\Users\maraz\Desktop\I3DA2\src\projectile.h(54,24): warning C4305: 'initializing': truncation from 'double' to 'float'
C:\Users\maraz\Desktop\I3DA2\src\island.h(55,43): warning C4305: 'initializing': truncation from 'double' to 'float'
C:\Users\maraz\Desktop\I3DA2\src\island.cpp(26,23): warning C4305: 'argument': truncation from 'double' to 'GLfloat'
C:\Users\maraz\Desktop\I3DA2\src\island.cpp(27,24): warning C4305: 'argument': truncation from 'double' to 'GLfloat'
C:\Users\maraz\Desktop\I3DA2\src\island.cpp(28,27): warning C4305: 'argument': truncation from 'double' to 'GLfloat'
C:\Users\maraz\Desktop\I3DA2\src\island.cpp(29,26): warning C4305: 'argument': truncation from 'double' to 'GLfloat'
C:\Users\maraz\Desktop\I3DA2\src\island.cpp(36,29): warning C4244: '=': conversion from 'double' to 'float', possible loss of data
C:\Users\maraz\Desktop\I3DA2\src\island.cpp(37,68): warning C4244: '=': conversion from 'double' to 'float', possible loss of data
C:\Users\maraz\Desktop\I3DA2\src\island.cpp(52,13): warning C4244: 'initializing': conversion from 'double' to 'float', possible loss of data
C:\Users\maraz\Desktop\I3DA2\src\island.cpp(57,27): warning C4305: 'argument': truncation from 'double' to 'GLfloat'
C:\Users\maraz\Desktop\I3DA2\src\island.cpp(58,27): warning C4305: 'argument': truncation from 'double' to 'GLfloat'
C:\Users\maraz\Desktop\I3DA2\src\island.cpp(59,23): warning C4305: 'argument': truncation from 'double' to 'GLfloat'
C:\Users\maraz\Desktop\I3DA2\src\island.cpp(60,23): warning C4305: 'argument': truncation from 'double' to 'GLfloat'
C:\Users\maraz\Desktop\I3DA2\src\island.cpp(92,28): warning C4244: '=': conversion from 'int' to 'float', possible loss of data
  main.cpp
C:\Users\maraz\Desktop\I3DA2\src\wave.h(63,39): warning C4305: 'initializing': truncation from 'double' to 'float'
C:\Users\maraz\Desktop\I3DA2\src\projectile.h(54,24): warning C4305: 'initializing': truncation from 'double' to 'float'
C:\Users\maraz\Desktop\I3DA2\src\island.h(55,43): warning C4305: 'initializing': truncation from 'double' to 'float'
C:\Users\maraz\Desktop\I3DA2\src\defence.h(53,24): warning C4305: 'initializing': truncation from 'double' to 'float'
C:\Users\maraz\Desktop\I3DA2\src\main.cpp(39,60): warning C4305: 'argument': truncation from 'double' to 'float'
C:\Users\maraz\Desktop\I3DA2\src\main.cpp(160,24): warning C4305: 'argument': truncation from 'double' to 'float'
C:\Users\maraz\Desktop\I3DA2\src\main.cpp(167,17): warning C4305: 'argument': truncation from 'double' to 'float'
C:\Users\maraz\Desktop\I3DA2\src\main.cpp(177,24): warning C4305: 'argument': truncation from 'double' to 'float'
C:\Users\maraz\Desktop\I3DA2\src\main.cpp(184,17): warning C4305: 'argument': truncation from 'double' to 'float'
C:\Users\maraz\Desktop\I3DA2\src\main.cpp(225,32): warning C4267: 'initializing': conversion from 'size_t' to 'int', possible loss of data
C:\Users\maraz\Desktop\I3DA2\src\main.cpp(278,38): warning C4244: '=': conversion from 'int' to 'float', possible loss of data
C:\Users\maraz\Desktop\I3DA2\src\main.cpp(367,33): warning C4305: 'argument': truncation from 'double' to 'float'
C:\Users\maraz\Desktop\I3DA2\src\main.cpp(370,34): warning C4305: 'argument': truncation from 'double' to 'float'
C:\Users\maraz\Desktop\I3DA2\src\main.cpp(385,33): warning C4305: 'argument': truncation from 'double' to 'float'
C:\Users\maraz\Desktop\I3DA2\src\main.cpp(388,34): warning C4305: 'argument': truncation from 'double' to 'float'
C:\Users\maraz\Desktop\I3DA2\src\main.cpp(416,28): warning C4267: 'initializing': conversion from 'size_t' to 'int', possible loss of data
C:\Users\maraz\Desktop\I3DA2\src\main.cpp(418,40): warning C4305: 'argument': truncation from 'double' to 'GLfloat'
C:\Users\maraz\Desktop\I3DA2\src\main.cpp(418,23): warning C4244: 'argument': conversion from 'double' to 'GLfloat', possible loss of data
C:\Users\maraz\Desktop\I3DA2\src\main.cpp(428,24): warning C4267: '=': conversion from 'size_t' to 'int', possible loss of data
C:\Users\maraz\Desktop\I3DA2\src\main.cpp(430,40): warning C4305: 'argument': truncation from 'double' to 'GLfloat'
C:\Users\maraz\Desktop\I3DA2\src\main.cpp(430,23): warning C4244: 'argument': conversion from 'double' to 'GLfloat', possible loss of data
C:\Users\maraz\Desktop\I3DA2\src\main.cpp(440,24): warning C4267: '=': conversion from 'size_t' to 'int', possible loss of data
C:\Users\maraz\Desktop\I3DA2\src\main.cpp(442,40): warning C4305: 'argument': truncation from 'double' to 'GLfloat'
C:\Users\maraz\Desktop\I3DA2\src\main.cpp(442,23): warning C4244: 'argument': conversion from 'double' to 'GLfloat', possible loss of data
C:\Users\maraz\Desktop\I3DA2\src\main.cpp(634,21): warning C4244: 'initializing': conversion from 'double' to 'float', possible loss of data
  projectile.cpp
C:\Users\maraz\Desktop\I3DA2\src\wave.h(63,39): warning C4305: 'initializing': truncation from 'double' to 'float'
C:\Users\maraz\Desktop\I3DA2\src\projectile.h(54,24): warning C4305: 'initializing': truncation from 'double' to 'float'
C:\Users\maraz\Desktop\I3DA2\src\projectile.cpp(25,21): warning C4244: 'initializing': conversion from 'double' to 'float', possible loss of data
C:\Users\maraz\Desktop\I3DA2\src\projectile.cpp(35,19): warning C4305: 'initializing': truncation from 'double' to 'float'
  wave.cpp
C:\Users\maraz\Desktop\I3DA2\src\wave.h(63,39): warning C4305: 'initializing': truncation from 'double' to 'float'
C:\Users\maraz\Desktop\I3DA2\src\wave.cpp(6,25): warning C4244: '=': conversion from 'float' to 'int', possible loss of data
C:\Users\maraz\Desktop\I3DA2\src\wave.cpp(41,48): warning C4305: 'argument': truncation from 'double' to 'float'
C:\Users\maraz\Desktop\I3DA2\src\wave.cpp(43,49): warning C4305: 'argument': truncation from 'double' to 'float'
C:\Users\maraz\Desktop\I3DA2\src\wave.cpp(73,44): warning C4244: 'argument': conversion from 'double' to 'float', possible loss of data
  Generating Code...
  i3d.vcxproj -> C:\Users\maraz\Desktop\I3DA2\vs\\..\i3d64dbg.exe
